This is pdfeTeX, Version 3.141592-1.30.6-2.2 (MiKTeX 2.5) (preloaded format=pdflatex 2007.4.17)  18 APR 2007 01:12
entering extended mode
**C:/Igentics/Projects/Igentics/Cuyahoga.Modules.ECommerce/trunk/doc/overview.tex
(C:\Igentics\Projects\Igentics\Cuyahoga.Modules.ECommerce\trunk\doc\overview.tex
LaTeX2e <2005/12/01>
Babel <v3.8g> and hyphenation patterns for english, dumylang, nohyphenation, german, ngerman, french, loaded.
("C:\Program Files\MiKTeX 2.5\tex\latex\base\article.cls"
Document Class: article 2005/09/16 v1.4f Standard LaTeX document class
("C:\Program Files\MiKTeX 2.5\tex\latex\base\size12.clo"
File: size12.clo 2005/09/16 v1.4f Standard LaTeX file (size option)
)
\c@part=\count79
\c@section=\count80
\c@subsection=\count81
\c@subsubsection=\count82
\c@paragraph=\count83
\c@subparagraph=\count84
\c@figure=\count85
\c@table=\count86
\abovecaptionskip=\skip41
\belowcaptionskip=\skip42
\bibindent=\dimen102
) ("C:\Program Files\MiKTeX 2.5\tex\latex\base\fontenc.sty"
Package: fontenc 2005/09/27 v1.99g Standard LaTeX package

("C:\Program Files\MiKTeX 2.5\tex\latex\base\t1enc.def"
File: t1enc.def 2005/09/27 v1.99g Standard LaTeX file
LaTeX Font Info:    Redeclaring font encoding T1 on input line 43.
)) ("C:\Program Files\MiKTeX 2.5\tex\latex\base\inputenc.sty"
Package: inputenc 2006/05/05 v1.1b Input encoding file
\inpenc@prehook=\toks14
\inpenc@posthook=\toks15

("C:\Program Files\MiKTeX 2.5\tex\latex\base\latin1.def"
File: latin1.def 2006/05/05 v1.1b Input encoding file
)) ("C:\Program Files\MiKTeX 2.5\tex\latex\geometry\geometry.sty"
Package: geometry 2002/07/08 v3.2 Page Geometry
 ("C:\Program Files\MiKTeX 2.5\tex\latex\graphics\keyval.sty"
Package: keyval 1999/03/16 v1.13 key=value parser (DPC)
\KV@toks@=\toks16
)
\Gm@cnth=\count87
\Gm@cntv=\count88
\c@Gm@tempcnt=\count89
\Gm@bindingoffset=\dimen103
\Gm@wd@mp=\dimen104
\Gm@odd@mp=\dimen105
\Gm@even@mp=\dimen106
\Gm@dimlist=\toks17

("C:\Program Files\MiKTeX 2.5\tex\latex\geometry\geometry.cfg"))
("C:\Program Files\MiKTeX 2.5\tex\latex\setspace\setspace.sty"
Package: setspace 2000/12/01 6.7 Contributed and Supported LaTeX2e package

Package: `setspace' 6.7 <2000/12/01>
) ("C:\Program Files\MiKTeX 2.5\tex\latex\floatflt\floatflt.sty"
Package: floatflt 1996/02/27 v. 1.3
\c@OptionTest=\count90
\figbox=\box26
\tabbox=\box27
\pagebox=\box28
\ffigcount=\count91
\ftabcount=\count92
\fftest=\count93
\hangcount=\count94
\nosuccesstryfig=\count95
\nosuccesstrytab=\count96
\figgutter=\dimen107
\tabgutter=\dimen108
\htdone=\dimen109
\pageht=\dimen110
\startpageht=\dimen111
\tabbredd=\dimen112
\floatfltwidth=\dimen113
\fltitemwidth=\dimen114
\outputpretest=\toks18
) (overview.aux)
LaTeX Font Info:    Checking defaults for OML/cmm/m/it on input line 18.
LaTeX Font Info:    ... okay on input line 18.
LaTeX Font Info:    Checking defaults for T1/cmr/m/n on input line 18.
LaTeX Font Info:    ... okay on input line 18.
LaTeX Font Info:    Checking defaults for OT1/cmr/m/n on input line 18.
LaTeX Font Info:    ... okay on input line 18.
LaTeX Font Info:    Checking defaults for OMS/cmsy/m/n on input line 18.
LaTeX Font Info:    ... okay on input line 18.
LaTeX Font Info:    Checking defaults for OMX/cmex/m/n on input line 18.
LaTeX Font Info:    ... okay on input line 18.
LaTeX Font Info:    Checking defaults for U/cmr/m/n on input line 18.
LaTeX Font Info:    ... okay on input line 18.

-------------------- Geometry parameters
paper: a4paper
landscape: --
twocolumn: --
twoside: --
asymmetric: --
h-parts: 86.72377pt, 438.51411pt, 72.26999pt
v-parts: 72.26999pt, 700.50687pt, 72.26999pt
hmarginratio: --
vmarginratio: --
lines: --
heightrounded: --
bindingoffset: 0.0pt
truedimen: --
includehead: --
includefoot: --
includemp: --
driver: pdftex
-------------------- Page layout dimensions and switches
\paperwidth  597.50787pt
\paperheight 845.04684pt
\textwidth  438.51411pt
\textheight 700.50687pt
\oddsidemargin  14.45378pt
\evensidemargin 14.45378pt
\topmargin  -37.0pt
\headheight 12.0pt
\headsep    25.0pt
\footskip   30.0pt
\marginparwidth 44.0pt
\marginparsep   10.0pt
\columnsep  10.0pt
\skip\footins  10.8pt plus 4.0pt minus 2.0pt
\hoffset 0.0pt
\voffset 0.0pt
\mag 1000

(1in=72.27pt, 1cm=28.45pt)
-----------------------
LaTeX Font Info:    Try loading font information for OMS+cmr on input line 24.
("C:\Program Files\MiKTeX 2.5\tex\latex\base\omscmr.fd"
File: omscmr.fd 1999/05/25 v2.5h Standard LaTeX font definitions
)
LaTeX Font Info:    Font shape `OMS/cmr/m/n' in size <12> not available
(Font)              Font shape `OMS/cmsy/m/n' tried instead on input line 24.
LaTeX Font Info:    Try loading font information for T1+cmtt on input line 27.
 ("C:\Program Files\MiKTeX 2.5\tex\latex\base\t1cmtt.fd"
File: t1cmtt.fd 1999/05/25 v2.5h Standard LaTeX font definitions
)
[1

{psfonts.map}] [2] [3] [4] (overview.aux) ) 
Here is how much of TeX's memory you used:
 1020 strings out of 95419
 12062 string characters out of 1187294
 60231 words of memory out of 1061371
 4167 multiletter control sequences out of 60000
 9811 words of font info for 24 fonts, out of 1000000 for 2000
 14 hyphenation exceptions out of 8191
 23i,4n,19p,767b,173s stack positions out of 5000i,500n,10000p,200000b,32768s
PDF statistics:
 22 PDF objects out of 300000
 0 named destinations out of 300000
 1 words of extra memory for PDF output out of 10000
 <C:\Documents and Settings\All Users\Application Data\MiKTeX\2.5\fonts\pk\lj
four\jknappen\ec\dpi600\eccc1200.pk> <C:\Documents and Settings\All Users\Application Data\MiKTeX\2.5\fonts\pk\ljfour\jk
nappen\ec\dpi600\ecbx1200.pk> <C:\Documents and Settings\All Users\Application Data\MiKTeX\2.5\fonts\pk\ljfour\jknappen\
ec\dpi600\ecbx1440.pk> <C:\Documents and Settings\All Users\Application Data\MiKTeX\2.5\fonts\pk\ljfour\jknappen\ec\dpi6
00\ectt1200.pk><C:/Program Files/MiKTeX 2.5/fonts/type1/bluesky/cm/cmsy10.pfb> <C:\Documents and Settings\All Users\Appl
ication Data\MiKTeX\2.5\fonts\pk\ljfour\jknappen\ec\dpi600\ecrm1200.pk> <C:\Documents and Settings\All Users\Application
 Data\MiKTeX\2.5\fonts\pk\ljfour\jknappen\ec\dpi600\ecbx1728.pk>
Output written on overview.pdf (4 pages, 78700 bytes).
